<?xml version="1.0" encoding="UTF-8"?>
<testng-results ignored="2" total="4" passed="1" failed="1" skipped="0">
  <reporter-output>
  </reporter-output>
  <suite started-at="2024-02-09T13:00:37 IST" name="Suite" finished-at="2024-02-09T13:01:00 IST" duration-ms="23447">
    <groups>
      <group name="regression">
        <method signature="TC_003_Email_Sign_In_Valid.verify_Email_Login_Valid()[pri:0, instance:testCases.TC_003_Email_Sign_In_Valid@564fabc8]" name="verify_Email_Login_Valid" class="testCases.TC_003_Email_Sign_In_Valid"/>
        <method signature="TC_005_FB_AutoSignIn_Valid_data.verify_FB_AutoSignIn()[pri:0, instance:testCases.TC_005_FB_AutoSignIn_Valid_data@10e31a9a]" name="verify_FB_AutoSignIn" class="testCases.TC_005_FB_AutoSignIn_Valid_data"/>
      </group> <!-- regression -->
      <group name="master">
        <method signature="TC_003_Email_Sign_In_Valid.verify_Email_Login_Valid()[pri:0, instance:testCases.TC_003_Email_Sign_In_Valid@564fabc8]" name="verify_Email_Login_Valid" class="testCases.TC_003_Email_Sign_In_Valid"/>
        <method signature="TC_005_FB_AutoSignIn_Valid_data.verify_FB_AutoSignIn()[pri:0, instance:testCases.TC_005_FB_AutoSignIn_Valid_data@10e31a9a]" name="verify_FB_AutoSignIn" class="testCases.TC_005_FB_AutoSignIn_Valid_data"/>
      </group> <!-- master -->
    </groups>
    <test started-at="2024-02-09T13:00:37 IST" name="Test" finished-at="2024-02-09T13:01:00 IST" duration-ms="23447">
      <class name="testCases.TC_003_Email_Sign_In_Valid">
        <test-method is-config="true" signature="setup(java.lang.String,java.lang.String)[pri:0, instance:testCases.TC_003_Email_Sign_In_Valid@564fabc8]" started-at="2024-02-09T13:00:37 IST" name="setup" finished-at="2024-02-09T13:00:43 IST" duration-ms="5557" status="PASS">
          <params>
            <param index="0">
              <value>
                <![CDATA[Windows]]>
              </value>
            </param>
            <param index="1">
              <value>
                <![CDATA[chrome]]>
              </value>
            </param>
          </params>
          <reporter-output>
          </reporter-output>
        </test-method> <!-- setup -->
        <test-method signature="verify_Email_Login_Valid()[pri:0, instance:testCases.TC_003_Email_Sign_In_Valid@564fabc8]" started-at="2024-02-09T13:00:43 IST" name="verify_Email_Login_Valid" finished-at="2024-02-09T13:00:47 IST" duration-ms="4494" status="FAIL">
          <exception class="java.lang.AssertionError">
            <message>
              <![CDATA[null]]>
            </message>
            <full-stacktrace>
              <![CDATA[java.lang.AssertionError: null
at org.testng.Assert.fail(Assert.java:99)
at org.testng.Assert.fail(Assert.java:106)
at testCases.TC_003_Email_Sign_In_Valid.verify_Email_Login_Valid(TC_003_Email_Sign_In_Valid.java:47)
at java.base/jdk.internal.reflect.DirectMethodHandleAccessor.invoke(DirectMethodHandleAccessor.java:103)
at java.base/java.lang.reflect.Method.invoke(Method.java:580)
at org.testng.internal.MethodInvocationHelper.invokeMethod(MethodInvocationHelper.java:133)
at org.testng.internal.TestInvoker.invokeMethod(TestInvoker.java:598)
at org.testng.internal.TestInvoker.invokeTestMethod(TestInvoker.java:173)
at org.testng.internal.MethodRunner.runInSequence(MethodRunner.java:46)
at org.testng.internal.TestInvoker$MethodInvocationAgent.invoke(TestInvoker.java:824)
at org.testng.internal.TestInvoker.invokeTestMethods(TestInvoker.java:146)
at org.testng.internal.TestMethodWorker.invokeTestMethods(TestMethodWorker.java:146)
at org.testng.internal.TestMethodWorker.run(TestMethodWorker.java:128)
at java.base/java.util.ArrayList.forEach(ArrayList.java:1596)
at org.testng.TestRunner.privateRun(TestRunner.java:794)
at org.testng.TestRunner.run(TestRunner.java:596)
at org.testng.SuiteRunner.runTest(SuiteRunner.java:377)
at org.testng.SuiteRunner.runSequentially(SuiteRunner.java:371)
at org.testng.SuiteRunner.privateRun(SuiteRunner.java:332)
at org.testng.SuiteRunner.run(SuiteRunner.java:276)
at org.testng.SuiteRunnerWorker.runSuite(SuiteRunnerWorker.java:53)
at org.testng.SuiteRunnerWorker.run(SuiteRunnerWorker.java:96)
at org.testng.TestNG.runSuitesSequentially(TestNG.java:1212)
at org.testng.TestNG.runSuitesLocally(TestNG.java:1134)
at org.testng.TestNG.runSuites(TestNG.java:1063)
at org.testng.TestNG.run(TestNG.java:1031)
at org.testng.remote.AbstractRemoteTestNG.run(AbstractRemoteTestNG.java:115)
at org.testng.remote.RemoteTestNG.initAndRun(RemoteTestNG.java:251)
at org.testng.remote.RemoteTestNG.main(RemoteTestNG.java:77)
]]>
            </full-stacktrace>
          </exception> <!-- java.lang.AssertionError -->
          <reporter-output>
          </reporter-output>
        </test-method> <!-- verify_Email_Login_Valid -->
        <test-method is-config="true" signature="tearDown()[pri:0, instance:testCases.TC_003_Email_Sign_In_Valid@564fabc8]" started-at="2024-02-09T13:00:48 IST" name="tearDown" finished-at="2024-02-09T13:00:48 IST" duration-ms="150" status="PASS">
          <reporter-output>
          </reporter-output>
        </test-method> <!-- tearDown -->
      </class> <!-- testCases.TC_003_Email_Sign_In_Valid -->
      <class name="testCases.TC_005_FB_AutoSignIn_Valid_data">
        <test-method is-config="true" signature="setup(java.lang.String,java.lang.String)[pri:0, instance:testCases.TC_005_FB_AutoSignIn_Valid_data@10e31a9a]" started-at="2024-02-09T13:00:48 IST" name="setup" finished-at="2024-02-09T13:00:52 IST" duration-ms="3983" status="PASS">
          <params>
            <param index="0">
              <value>
                <![CDATA[Windows]]>
              </value>
            </param>
            <param index="1">
              <value>
                <![CDATA[chrome]]>
              </value>
            </param>
          </params>
          <reporter-output>
          </reporter-output>
        </test-method> <!-- setup -->
        <test-method signature="verify_FB_AutoSignIn()[pri:0, instance:testCases.TC_005_FB_AutoSignIn_Valid_data@10e31a9a]" started-at="2024-02-09T13:00:52 IST" name="verify_FB_AutoSignIn" finished-at="2024-02-09T13:01:00 IST" duration-ms="8405" status="PASS">
          <reporter-output>
          </reporter-output>
        </test-method> <!-- verify_FB_AutoSignIn -->
        <test-method is-config="true" signature="tearDown()[pri:0, instance:testCases.TC_005_FB_AutoSignIn_Valid_data@10e31a9a]" started-at="2024-02-09T13:01:00 IST" name="tearDown" finished-at="2024-02-09T13:01:00 IST" duration-ms="150" status="PASS">
          <reporter-output>
          </reporter-output>
        </test-method> <!-- tearDown -->
      </class> <!-- testCases.TC_005_FB_AutoSignIn_Valid_data -->
    </test> <!-- Test -->
  </suite> <!-- Suite -->
</testng-results>
