<?xml version="1.0" encoding="UTF-8"?>
<!-- Generated by org.testng.reporters.JUnitXMLReporter -->
<testsuite ignored="0" hostname="LAPTOP-HRPF4BH4" failures="1" tests="1" name="Test(failed)" time="10.724" errors="0" timestamp="2024-02-09T12:36:44 IST">
  <testcase classname="testCases.TC_003_Email_Sign_In_Valid" name="verify_Email_Login_Valid" time="4.336">
    <failure type="java.lang.AssertionError" message="null">
      <![CDATA[java.lang.AssertionError: null
at testCases.TC_003_Email_Sign_In_Valid.verify_Email_Login_Valid(TC_003_Email_Sign_In_Valid.java:47)
at java.base/java.util.ArrayList.forEach(ArrayList.java:1596)
... Removed 27 stack frames]]>
    </failure>
  </testcase> <!-- verify_Email_Login_Valid -->
</testsuite> <!-- Test(failed) -->
