<?xml version="1.0" encoding="UTF-8"?>
<!-- Generated by org.testng.reporters.JUnitXMLReporter -->
<testsuite ignored="2" hostname="LAPTOP-HRPF4BH4" failures="1" tests="2" name="Test" time="23.447" errors="0" timestamp="2024-02-09T13:01:00 IST">
  <testcase classname="testCases.TC_003_Email_Sign_In_Valid" name="verify_Email_Login_Valid" time="4.494">
    <failure type="java.lang.AssertionError" message="null">
      <![CDATA[java.lang.AssertionError: null
at testCases.TC_003_Email_Sign_In_Valid.verify_Email_Login_Valid(TC_003_Email_Sign_In_Valid.java:47)
at java.base/java.util.ArrayList.forEach(ArrayList.java:1596)
... Removed 27 stack frames]]>
    </failure>
  </testcase> <!-- verify_Email_Login_Valid -->
  <testcase classname="testCases.TC_005_FB_AutoSignIn_Valid_data" name="verify_FB_AutoSignIn" time="8.405"/>
  <testcase classname="testCases.TC_006_FB_AutoSignIn_Invalid_data" name="verify_FB_AutoSignIn_Invalid_data" time="0.0">
    <ignored/>
  </testcase> <!-- verify_FB_AutoSignIn_Invalid_data -->
  <testcase classname="testCases.TC_004_Email_Sign_In_Invaild" name="verify_Email_Login_Invalid" time="0.0">
    <ignored/>
  </testcase> <!-- verify_Email_Login_Invalid -->
</testsuite> <!-- Test -->
